<?xml version="1.0" encoding="UTF-8" ?>
<testsuite tests="4" failures="0" name="com.xpay.WebhookTest" time="0.009" errors="0" skipped="0">
  <properties>
[...]
</properties>
  <testcase classname="com.xpay.WebhookTest" name="testWebhooksParseAgreement" time="0.002"/>
  <testcase classname="com.xpay.WebhookTest" name="testWebhooksParseWithdrawal" time="0.001"/>
  <testcase classname="com.xpay.WebhookTest" name="testWebhooksParseOrder" time="0.004"/>
  <testcase classname="com.xpay.WebhookTest" name="testWebhooksParseRecharge" time="0.002"/>
</testsuite>